{"level":"info","message":"Listening on port 3900...","timestamp":"2023-08-07T08:20:04.094Z"}
{"level":"info","message":"Connected to mongodb+srv://karan5ipsvig:password123abc@cluster0.yar2cct.mongodb.net/codeswear?retryWrites=true&w=majority...","timestamp":"2023-08-07T08:20:06.835Z"}
{"level":"info","message":"Listening on port 3900...","timestamp":"2023-08-07T08:28:37.297Z"}
{"message":"querySrv ECONNREFUSED _mongodb._tcp.cluster0.yar2cct.mongodb.net","stack":"Error: querySrv ECONNREFUSED _mongodb._tcp.cluster0.yar2cct.mongodb.net\n    at QueryReqWrap.onresolve [as oncomplete] (node:internal/dns/callback_resolver:47:19)","code":"ECONNREFUSED","syscall":"querySrv","hostname":"_mongodb._tcp.cluster0.yar2cct.mongodb.net","level":"info","timestamp":"2023-08-07T08:28:37.476Z"}
{"level":"info","message":"Listening on port 3900...","timestamp":"2023-08-07T08:32:56.961Z"}
{"level":"info","message":"Connected to mongodb+srv://karan5ipsvig:password123abc@cluster0.yar2cct.mongodb.net/codeswear?retryWrites=true&w=majority...","timestamp":"2023-08-07T08:33:00.024Z"}
{"level":"info","message":"Listening on port 3900...","timestamp":"2023-08-07T08:34:54.014Z"}
{"level":"info","message":"Connected to mongodb+srv://karan5ipsvig:password123abc@cluster0.yar2cct.mongodb.net/codeswear?retryWrites=true&w=majority...","timestamp":"2023-08-07T08:34:55.093Z"}
{"level":"info","message":"Listening on port 3900...","timestamp":"2023-08-07T08:40:06.623Z"}
{"level":"info","message":"Connected to mongodb+srv://karan5ipsvig:password123abc@cluster0.yar2cct.mongodb.net/codeswear?retryWrites=true&w=majority...","timestamp":"2023-08-07T08:40:07.840Z"}
{"level":"info","message":"Listening on port 3900...","timestamp":"2023-08-07T08:42:42.916Z"}
{"level":"info","message":"Connected to mongodb+srv://karan5ipsvig:password123abc@cluster0.yar2cct.mongodb.net/codeswear?retryWrites=true&w=majority...","timestamp":"2023-08-07T08:42:44.076Z"}
{"level":"info","message":"Listening on port 3900...","timestamp":"2023-08-07T08:42:56.359Z"}
{"level":"info","message":"Connected to mongodb+srv://karan5ipsvig:password123abc@cluster0.yar2cct.mongodb.net/codeswear?retryWrites=true&w=majority...","timestamp":"2023-08-07T08:42:58.410Z"}
{"level":"info","message":"Listening on port 3900...","timestamp":"2023-08-07T08:44:31.160Z"}
{"level":"info","message":"Connected to mongodb+srv://karan5ipsvig:password123abc@cluster0.yar2cct.mongodb.net/codeswear?retryWrites=true&w=majority...","timestamp":"2023-08-07T08:44:32.093Z"}
{"level":"info","message":"Listening on port 3900...","timestamp":"2023-08-07T08:45:06.701Z"}
{"level":"info","message":"Connected to mongodb+srv://karan5ipsvig:password123abc@cluster0.yar2cct.mongodb.net/codeswear?retryWrites=true&w=majority...","timestamp":"2023-08-07T08:45:07.697Z"}
{"level":"info","message":"Listening on port 3900...","timestamp":"2023-08-07T10:09:50.742Z"}
{"message":"querySrv ECONNREFUSED _mongodb._tcp.cluster0.yar2cct.mongodb.net","stack":"Error: querySrv ECONNREFUSED _mongodb._tcp.cluster0.yar2cct.mongodb.net\n    at QueryReqWrap.onresolve [as oncomplete] (node:internal/dns/callback_resolver:47:19)","code":"ECONNREFUSED","syscall":"querySrv","hostname":"_mongodb._tcp.cluster0.yar2cct.mongodb.net","level":"info","timestamp":"2023-08-07T10:09:50.876Z"}
{"level":"info","message":"Listening on port 3900...","timestamp":"2023-08-07T10:11:35.168Z"}
{"level":"info","message":"Connected to mongodb+srv://karan5ipsvig:password123abc@cluster0.yar2cct.mongodb.net/codeswear?retryWrites=true&w=majority...","timestamp":"2023-08-07T10:11:36.571Z"}
{"message":"validate is not a function","stack":"TypeError: validate is not a function\n    at E:\\assignment\\server\\routes\\users.js:14:21\n    at E:\\assignment\\server\\node_modules\\express-async-errors\\index.js:17:20\n    at Layer.handle [as handle_request] (E:\\assignment\\server\\node_modules\\express\\lib\\router\\layer.js:95:5)\n    at next (E:\\assignment\\server\\node_modules\\express\\lib\\router\\route.js:144:13)\n    at Route.dispatch (E:\\assignment\\server\\node_modules\\express\\lib\\router\\route.js:114:3)\n    at E:\\assignment\\server\\node_modules\\express-async-errors\\index.js:17:20\n    at Layer.handle [as handle_request] (E:\\assignment\\server\\node_modules\\express\\lib\\router\\layer.js:95:5)\n    at E:\\assignment\\server\\node_modules\\express\\lib\\router\\index.js:284:15\n    at Function.process_params (E:\\assignment\\server\\node_modules\\express\\lib\\router\\index.js:346:12)\n    at next (E:\\assignment\\server\\node_modules\\express\\lib\\router\\index.js:280:10)\n    at Function.handle (E:\\assignment\\server\\node_modules\\express\\lib\\router\\index.js:175:3)\n    at router (E:\\assignment\\server\\node_modules\\express\\lib\\router\\index.js:47:12)\n    at E:\\assignment\\server\\node_modules\\express-async-errors\\index.js:17:20\n    at Layer.handle [as handle_request] (E:\\assignment\\server\\node_modules\\express\\lib\\router\\layer.js:95:5)\n    at trim_prefix (E:\\assignment\\server\\node_modules\\express\\lib\\router\\index.js:328:13)\n    at E:\\assignment\\server\\node_modules\\express\\lib\\router\\index.js:286:9","level":"error","timestamp":"2023-08-07T10:11:50.902Z"}
{"level":"info","message":"Listening on port 3900...","timestamp":"2023-08-07T10:12:40.655Z"}
{"level":"info","message":"Connected to mongodb+srv://karan5ipsvig:password123abc@cluster0.yar2cct.mongodb.net/codeswear?retryWrites=true&w=majority...","timestamp":"2023-08-07T10:12:43.890Z"}
{"level":"info","message":"Listening on port 3900...","timestamp":"2023-08-07T10:12:51.700Z"}
{"level":"info","message":"Connected to mongodb+srv://karan5ipsvig:password123abc@cluster0.yar2cct.mongodb.net/codeswear?retryWrites=true&w=majority...","timestamp":"2023-08-07T10:13:30.110Z"}
{"level":"info","message":"Listening on port 3900...","timestamp":"2023-08-07T10:13:57.775Z"}
{"level":"info","message":"Connected to mongodb+srv://karan5ipsvig:password123abc@cluster0.yar2cct.mongodb.net/codeswear?retryWrites=true&w=majority...","timestamp":"2023-08-07T10:13:58.777Z"}
{"level":"info","message":"Listening on port 3900...","timestamp":"2023-08-07T10:14:14.324Z"}
{"level":"info","message":"Connected to mongodb+srv://karan5ipsvig:password123abc@cluster0.yar2cct.mongodb.net/codeswear?retryWrites=true&w=majority...","timestamp":"2023-08-07T10:14:15.098Z"}
{"message":"Session validation failed: audio: Path `audio` is required.","stack":"ValidationError: Session validation failed: audio: Path `audio` is required.\n    at Document.invalidate (E:\\assignment\\server\\node_modules\\mongoose\\lib\\document.js:2786:32)\n    at E:\\assignment\\server\\node_modules\\mongoose\\lib\\document.js:2578:17\n    at E:\\assignment\\server\\node_modules\\mongoose\\lib\\schematype.js:1273:9\n    at process.processTicksAndRejections (node:internal/process/task_queues:77:11)","errors":{"audio":{"properties":{"message":"Path `audio` is required.","type":"required","path":"audio"},"kind":"required","path":"audio"}},"_message":"Session validation failed","level":"error","timestamp":"2023-08-07T10:55:16.176Z"}
{"level":"info","message":"Listening on port 3900...","timestamp":"2023-08-07T11:12:30.697Z"}
{"level":"info","message":"Connected to mongodb+srv://karan5ipsvig:password123abc@cluster0.yar2cct.mongodb.net/codeswear?retryWrites=true&w=majority...","timestamp":"2023-08-07T11:12:31.750Z"}
{"level":"info","message":"Listening on port 3900...","timestamp":"2023-08-07T11:19:46.602Z"}
{"level":"info","message":"Connected to mongodb+srv://karan5ipsvig:password123abc@cluster0.yar2cct.mongodb.net/codeswear?retryWrites=true&w=majority...","timestamp":"2023-08-07T11:19:54.083Z"}
{"message":"id is not defined","stack":"ReferenceError: id is not defined\n    at E:\\assignment\\server\\routes\\sessions.js:25:40\n    at E:\\assignment\\server\\node_modules\\express-async-errors\\index.js:17:20\n    at Layer.handle [as handle_request] (E:\\assignment\\server\\node_modules\\express\\lib\\router\\layer.js:95:5)\n    at next (E:\\assignment\\server\\node_modules\\express\\lib\\router\\route.js:144:13)\n    at Route.dispatch (E:\\assignment\\server\\node_modules\\express\\lib\\router\\route.js:114:3)\n    at E:\\assignment\\server\\node_modules\\express-async-errors\\index.js:17:20\n    at Layer.handle [as handle_request] (E:\\assignment\\server\\node_modules\\express\\lib\\router\\layer.js:95:5)\n    at E:\\assignment\\server\\node_modules\\express\\lib\\router\\index.js:284:15\n    at Function.process_params (E:\\assignment\\server\\node_modules\\express\\lib\\router\\index.js:346:12)\n    at next (E:\\assignment\\server\\node_modules\\express\\lib\\router\\index.js:280:10)\n    at Function.handle (E:\\assignment\\server\\node_modules\\express\\lib\\router\\index.js:175:3)\n    at router (E:\\assignment\\server\\node_modules\\express\\lib\\router\\index.js:47:12)\n    at E:\\assignment\\server\\node_modules\\express-async-errors\\index.js:17:20\n    at Layer.handle [as handle_request] (E:\\assignment\\server\\node_modules\\express\\lib\\router\\layer.js:95:5)\n    at trim_prefix (E:\\assignment\\server\\node_modules\\express\\lib\\router\\index.js:328:13)\n    at E:\\assignment\\server\\node_modules\\express\\lib\\router\\index.js:286:9","level":"error","timestamp":"2023-08-07T11:37:00.345Z"}
{"level":"info","message":"Listening on port 3900...","timestamp":"2023-08-07T11:38:34.629Z"}
{"level":"info","message":"Connected to mongodb+srv://karan5ipsvig:password123abc@cluster0.yar2cct.mongodb.net/codeswear?retryWrites=true&w=majority...","timestamp":"2023-08-07T11:38:36.743Z"}
{"level":"info","message":"Listening on port 3900...","timestamp":"2023-08-07T11:47:01.704Z"}
{"level":"info","message":"Connected to mongodb+srv://karan5ipsvig:password123abc@cluster0.yar2cct.mongodb.net/codeswear?retryWrites=true&w=majority...","timestamp":"2023-08-07T11:47:02.946Z"}
{"level":"info","message":"Listening on port 3900...","timestamp":"2023-08-07T11:48:45.635Z"}
{"level":"info","message":"Connected to mongodb+srv://karan5ipsvig:password123abc@cluster0.yar2cct.mongodb.net/codeswear?retryWrites=true&w=majority...","timestamp":"2023-08-07T11:48:46.755Z"}
{"message":"Schema hasn't been registered for model \"sessions\".\nUse mongoose.model(name, schema)","stack":"MissingSchemaError: Schema hasn't been registered for model \"sessions\".\nUse mongoose.model(name, schema)\n    at Connection.model (E:\\assignment\\server\\node_modules\\mongoose\\lib\\connection.js:1265:11)\n    at getModelsMapForPopulate (E:\\assignment\\server\\node_modules\\mongoose\\lib\\helpers\\populate\\getModelsMapForPopulate.js:301:59)\n    at populate (E:\\assignment\\server\\node_modules\\mongoose\\lib\\model.js:4612:21)\n    at _populate (E:\\assignment\\server\\node_modules\\mongoose\\lib\\model.js:4583:5)\n    at E:\\assignment\\server\\node_modules\\mongoose\\lib\\model.js:4560:5\n    at promiseOrCallback (E:\\assignment\\server\\node_modules\\mongoose\\lib\\helpers\\promiseOrCallback.js:10:12)\n    at Mongoose._promiseOrCallback (E:\\assignment\\server\\node_modules\\mongoose\\lib\\index.js:1149:10)\n    at Model.populate (E:\\assignment\\server\\node_modules\\mongoose\\lib\\model.js:4558:23)\n    at Query._completeOne (E:\\assignment\\server\\node_modules\\mongoose\\lib\\query.js:2212:9)\n    at Immediate.<anonymous> (E:\\assignment\\server\\node_modules\\mongoose\\lib\\query.js:2251:10)\n    at Immediate.<anonymous> (E:\\assignment\\server\\node_modules\\mquery\\lib\\utils.js:123:16)\n    at process.processImmediate (node:internal/timers:476:21)","level":"error","timestamp":"2023-08-07T11:48:53.605Z"}
{"message":"Schema hasn't been registered for model \"sessions\".\nUse mongoose.model(name, schema)","stack":"MissingSchemaError: Schema hasn't been registered for model \"sessions\".\nUse mongoose.model(name, schema)\n    at Connection.model (E:\\assignment\\server\\node_modules\\mongoose\\lib\\connection.js:1265:11)\n    at getModelsMapForPopulate (E:\\assignment\\server\\node_modules\\mongoose\\lib\\helpers\\populate\\getModelsMapForPopulate.js:301:59)\n    at populate (E:\\assignment\\server\\node_modules\\mongoose\\lib\\model.js:4612:21)\n    at _populate (E:\\assignment\\server\\node_modules\\mongoose\\lib\\model.js:4583:5)\n    at E:\\assignment\\server\\node_modules\\mongoose\\lib\\model.js:4560:5\n    at promiseOrCallback (E:\\assignment\\server\\node_modules\\mongoose\\lib\\helpers\\promiseOrCallback.js:10:12)\n    at Mongoose._promiseOrCallback (E:\\assignment\\server\\node_modules\\mongoose\\lib\\index.js:1149:10)\n    at Model.populate (E:\\assignment\\server\\node_modules\\mongoose\\lib\\model.js:4558:23)\n    at Query._completeOne (E:\\assignment\\server\\node_modules\\mongoose\\lib\\query.js:2212:9)\n    at Immediate.<anonymous> (E:\\assignment\\server\\node_modules\\mongoose\\lib\\query.js:2251:10)\n    at Immediate.<anonymous> (E:\\assignment\\server\\node_modules\\mquery\\lib\\utils.js:123:16)\n    at process.processImmediate (node:internal/timers:476:21)","level":"error","timestamp":"2023-08-07T11:48:53.941Z"}
{"level":"info","message":"Listening on port 3900...","timestamp":"2023-08-07T11:49:17.812Z"}
{"level":"info","message":"Connected to mongodb+srv://karan5ipsvig:password123abc@cluster0.yar2cct.mongodb.net/codeswear?retryWrites=true&w=majority...","timestamp":"2023-08-07T11:49:19.069Z"}
{"level":"info","message":"Listening on port 3900...","timestamp":"2023-08-07T11:50:03.017Z"}
{"level":"info","message":"Listening on port 3900...","timestamp":"2023-08-07T11:50:09.478Z"}
{"level":"info","message":"Connected to mongodb+srv://karan5ipsvig:password123abc@cluster0.yar2cct.mongodb.net/codeswear?retryWrites=true&w=majority...","timestamp":"2023-08-07T11:50:10.293Z"}
{"message":"Pool was force destroyed","stack":"MongoError: Pool was force destroyed\n    at Pool.destroy (E:\\assignment\\server\\node_modules\\mongodb\\lib\\core\\connection\\pool.js:682:21)\n    at Server.destroy (E:\\assignment\\server\\node_modules\\mongodb\\lib\\core\\topologies\\server.js:909:15)\n    at Timeout._onTimeout (E:\\assignment\\server\\node_modules\\mongodb\\lib\\core\\topologies\\replset.js:358:26)\n    at listOnTimeout (node:internal/timers:569:17)\n    at process.processTimers (node:internal/timers:512:7)","name":"MongoError","level":"error","timestamp":"2023-08-07T14:27:49.778Z"}
{"level":"info","message":"Listening on port 3900...","timestamp":"2023-08-07T14:33:56.360Z"}
{"level":"info","message":"Connected to mongodb+srv://karan5ipsvig:password123abc@cluster0.yar2cct.mongodb.net/codeswear?retryWrites=true&w=majority...","timestamp":"2023-08-07T14:33:58.543Z"}
{"message":"no primary server available","stack":"MongoError: no primary server available\n    at ReplSetState.pickServer (E:\\assignment\\server\\node_modules\\mongodb\\lib\\core\\topologies\\replset_state.js:782:12)\n    at Timeout._selectServer [as _onTimeout] (E:\\assignment\\server\\node_modules\\mongodb\\lib\\core\\topologies\\replset.js:1148:43)\n    at listOnTimeout (node:internal/timers:569:17)\n    at process.processTimers (node:internal/timers:512:7)","name":"MongoError","level":"error","timestamp":"2023-08-07T14:48:46.968Z"}
{"message":"Pool was force destroyed","stack":"MongoError: Pool was force destroyed\n    at Pool.destroy (E:\\assignment\\server\\node_modules\\mongodb\\lib\\core\\connection\\pool.js:682:21)\n    at Server.destroy (E:\\assignment\\server\\node_modules\\mongodb\\lib\\core\\topologies\\server.js:909:15)\n    at Timeout._onTimeout (E:\\assignment\\server\\node_modules\\mongodb\\lib\\core\\topologies\\replset.js:358:26)\n    at listOnTimeout (node:internal/timers:569:17)\n    at process.processTimers (node:internal/timers:512:7)","name":"MongoError","level":"error","timestamp":"2023-08-07T14:54:19.434Z"}
{"level":"info","message":"Listening on port 3900...","timestamp":"2023-08-07T14:56:22.403Z"}
{"level":"info","message":"Connected to mongodb+srv://karan5ipsvig:password123abc@cluster0.yar2cct.mongodb.net/codeswear?retryWrites=true&w=majority...","timestamp":"2023-08-07T14:56:24.968Z"}
{"message":"Cannot access 'user' before initialization","stack":"ReferenceError: Cannot access 'user' before initialization\n    at E:\\assignment\\server\\routes\\sessions.js:34:16\n    at E:\\assignment\\server\\node_modules\\express-async-errors\\index.js:17:20\n    at Layer.handle [as handle_request] (E:\\assignment\\server\\node_modules\\express\\lib\\router\\layer.js:95:5)\n    at next (E:\\assignment\\server\\node_modules\\express\\lib\\router\\route.js:144:13)\n    at Route.dispatch (E:\\assignment\\server\\node_modules\\express\\lib\\router\\route.js:114:3)\n    at E:\\assignment\\server\\node_modules\\express-async-errors\\index.js:17:20\n    at Layer.handle [as handle_request] (E:\\assignment\\server\\node_modules\\express\\lib\\router\\layer.js:95:5)\n    at E:\\assignment\\server\\node_modules\\express\\lib\\router\\index.js:284:15\n    at param (E:\\assignment\\server\\node_modules\\express\\lib\\router\\index.js:365:14)\n    at param (E:\\assignment\\server\\node_modules\\express\\lib\\router\\index.js:376:14)\n    at Function.process_params (E:\\assignment\\server\\node_modules\\express\\lib\\router\\index.js:421:3)\n    at next (E:\\assignment\\server\\node_modules\\express\\lib\\router\\index.js:280:10)\n    at Function.handle (E:\\assignment\\server\\node_modules\\express\\lib\\router\\index.js:175:3)\n    at router (E:\\assignment\\server\\node_modules\\express\\lib\\router\\index.js:47:12)\n    at E:\\assignment\\server\\node_modules\\express-async-errors\\index.js:17:20\n    at Layer.handle [as handle_request] (E:\\assignment\\server\\node_modules\\express\\lib\\router\\layer.js:95:5)","level":"error","timestamp":"2023-08-07T15:44:38.240Z"}
{"message":"Cannot access 'user' before initialization","stack":"ReferenceError: Cannot access 'user' before initialization\n    at E:\\assignment\\server\\routes\\sessions.js:34:16\n    at E:\\assignment\\server\\node_modules\\express-async-errors\\index.js:17:20\n    at Layer.handle [as handle_request] (E:\\assignment\\server\\node_modules\\express\\lib\\router\\layer.js:95:5)\n    at next (E:\\assignment\\server\\node_modules\\express\\lib\\router\\route.js:144:13)\n    at Route.dispatch (E:\\assignment\\server\\node_modules\\express\\lib\\router\\route.js:114:3)\n    at E:\\assignment\\server\\node_modules\\express-async-errors\\index.js:17:20\n    at Layer.handle [as handle_request] (E:\\assignment\\server\\node_modules\\express\\lib\\router\\layer.js:95:5)\n    at E:\\assignment\\server\\node_modules\\express\\lib\\router\\index.js:284:15\n    at param (E:\\assignment\\server\\node_modules\\express\\lib\\router\\index.js:365:14)\n    at param (E:\\assignment\\server\\node_modules\\express\\lib\\router\\index.js:376:14)\n    at Function.process_params (E:\\assignment\\server\\node_modules\\express\\lib\\router\\index.js:421:3)\n    at next (E:\\assignment\\server\\node_modules\\express\\lib\\router\\index.js:280:10)\n    at Function.handle (E:\\assignment\\server\\node_modules\\express\\lib\\router\\index.js:175:3)\n    at router (E:\\assignment\\server\\node_modules\\express\\lib\\router\\index.js:47:12)\n    at E:\\assignment\\server\\node_modules\\express-async-errors\\index.js:17:20\n    at Layer.handle [as handle_request] (E:\\assignment\\server\\node_modules\\express\\lib\\router\\layer.js:95:5)","level":"error","timestamp":"2023-08-07T15:44:43.629Z"}
{"message":"Cannot access 'user' before initialization","stack":"ReferenceError: Cannot access 'user' before initialization\n    at E:\\assignment\\server\\routes\\sessions.js:34:16\n    at E:\\assignment\\server\\node_modules\\express-async-errors\\index.js:17:20\n    at Layer.handle [as handle_request] (E:\\assignment\\server\\node_modules\\express\\lib\\router\\layer.js:95:5)\n    at next (E:\\assignment\\server\\node_modules\\express\\lib\\router\\route.js:144:13)\n    at Route.dispatch (E:\\assignment\\server\\node_modules\\express\\lib\\router\\route.js:114:3)\n    at E:\\assignment\\server\\node_modules\\express-async-errors\\index.js:17:20\n    at Layer.handle [as handle_request] (E:\\assignment\\server\\node_modules\\express\\lib\\router\\layer.js:95:5)\n    at E:\\assignment\\server\\node_modules\\express\\lib\\router\\index.js:284:15\n    at param (E:\\assignment\\server\\node_modules\\express\\lib\\router\\index.js:365:14)\n    at param (E:\\assignment\\server\\node_modules\\express\\lib\\router\\index.js:376:14)\n    at Function.process_params (E:\\assignment\\server\\node_modules\\express\\lib\\router\\index.js:421:3)\n    at next (E:\\assignment\\server\\node_modules\\express\\lib\\router\\index.js:280:10)\n    at Function.handle (E:\\assignment\\server\\node_modules\\express\\lib\\router\\index.js:175:3)\n    at router (E:\\assignment\\server\\node_modules\\express\\lib\\router\\index.js:47:12)\n    at E:\\assignment\\server\\node_modules\\express-async-errors\\index.js:17:20\n    at Layer.handle [as handle_request] (E:\\assignment\\server\\node_modules\\express\\lib\\router\\layer.js:95:5)","level":"error","timestamp":"2023-08-07T15:45:24.785Z"}
{"message":"Cannot access 'user' before initialization","stack":"ReferenceError: Cannot access 'user' before initialization\n    at E:\\assignment\\server\\routes\\sessions.js:34:16\n    at E:\\assignment\\server\\node_modules\\express-async-errors\\index.js:17:20\n    at Layer.handle [as handle_request] (E:\\assignment\\server\\node_modules\\express\\lib\\router\\layer.js:95:5)\n    at next (E:\\assignment\\server\\node_modules\\express\\lib\\router\\route.js:144:13)\n    at Route.dispatch (E:\\assignment\\server\\node_modules\\express\\lib\\router\\route.js:114:3)\n    at E:\\assignment\\server\\node_modules\\express-async-errors\\index.js:17:20\n    at Layer.handle [as handle_request] (E:\\assignment\\server\\node_modules\\express\\lib\\router\\layer.js:95:5)\n    at E:\\assignment\\server\\node_modules\\express\\lib\\router\\index.js:284:15\n    at param (E:\\assignment\\server\\node_modules\\express\\lib\\router\\index.js:365:14)\n    at param (E:\\assignment\\server\\node_modules\\express\\lib\\router\\index.js:376:14)\n    at Function.process_params (E:\\assignment\\server\\node_modules\\express\\lib\\router\\index.js:421:3)\n    at next (E:\\assignment\\server\\node_modules\\express\\lib\\router\\index.js:280:10)\n    at Function.handle (E:\\assignment\\server\\node_modules\\express\\lib\\router\\index.js:175:3)\n    at router (E:\\assignment\\server\\node_modules\\express\\lib\\router\\index.js:47:12)\n    at E:\\assignment\\server\\node_modules\\express-async-errors\\index.js:17:20\n    at Layer.handle [as handle_request] (E:\\assignment\\server\\node_modules\\express\\lib\\router\\layer.js:95:5)","level":"error","timestamp":"2023-08-07T15:45:25.374Z"}
{"level":"info","message":"Listening on port 3900...","timestamp":"2023-08-07T15:53:58.745Z"}
{"level":"info","message":"Connected to mongodb+srv://karan5ipsvig:password123abc@cluster0.yar2cct.mongodb.net/codeswear?retryWrites=true&w=majority...","timestamp":"2023-08-07T15:54:01.452Z"}
{"message":"Cannot read properties of null (reading 'sessions')","stack":"TypeError: Cannot read properties of null (reading 'sessions')\n    at E:\\assignment\\server\\routes\\sessions.js:34:24\n    at process.processTicksAndRejections (node:internal/process/task_queues:95:5)","level":"error","timestamp":"2023-08-07T15:57:54.919Z"}
{"message":"Cannot read properties of null (reading 'sessions')","stack":"TypeError: Cannot read properties of null (reading 'sessions')\n    at E:\\assignment\\server\\routes\\sessions.js:34:24\n    at process.processTicksAndRejections (node:internal/process/task_queues:95:5)","level":"error","timestamp":"2023-08-07T15:57:55.082Z"}
{"level":"info","message":"Listening on port 3900...","timestamp":"2023-08-07T15:59:17.811Z"}
{"level":"info","message":"Connected to mongodb+srv://karan5ipsvig:password123abc@cluster0.yar2cct.mongodb.net/codeswear?retryWrites=true&w=majority...","timestamp":"2023-08-07T15:59:21.968Z"}
{"level":"info","message":"Listening on port 3900...","timestamp":"2023-08-08T04:07:32.664Z"}
{"level":"info","message":"Connected to mongodb+srv://karan5ipsvig:password123abc@cluster0.yar2cct.mongodb.net/codeswear?retryWrites=true&w=majority...","timestamp":"2023-08-08T04:07:33.894Z"}
{"level":"info","message":"Listening on port 3900...","timestamp":"2023-08-19T12:16:29.224Z"}
{"level":"info","message":"Connected to mongodb+srv://karan5ipsvig:password123abc@cluster0.yar2cct.mongodb.net/codeswear?retryWrites=true&w=majority...","timestamp":"2023-08-19T12:16:30.207Z"}
{"level":"info","message":"Listening on port 3900...","timestamp":"2023-08-20T08:33:39.482Z"}
{"level":"info","message":"Connected to mongodb+srv://karan5ipsvig:password123abc@cluster0.yar2cct.mongodb.net/codeswear?retryWrites=true&w=majority...","timestamp":"2023-08-20T08:33:41.619Z"}
{"level":"info","message":"Listening on port 3900...","timestamp":"2023-08-20T11:50:00.931Z"}
{"level":"info","message":"Connected to mongodb+srv://karan5ipsvig:password123abc@cluster0.yar2cct.mongodb.net/codeswear?retryWrites=true&w=majority...","timestamp":"2023-08-20T11:50:07.776Z"}
{"level":"info","message":"Listening on port 3900...","timestamp":"2023-08-20T12:06:30.360Z"}
{"level":"info","message":"Connected to mongodb+srv://karan5ipsvig:password123abc@cluster0.yar2cct.mongodb.net/codeswear?retryWrites=true&w=majority...","timestamp":"2023-08-20T12:06:31.479Z"}
{"level":"info","message":"Listening on port 3900...","timestamp":"2023-08-20T12:08:18.319Z"}
{"level":"info","message":"Connected to mongodb+srv://karan5ipsvig:password123abc@cluster0.yar2cct.mongodb.net/codeswear?retryWrites=true&w=majority...","timestamp":"2023-08-20T12:08:19.654Z"}
{"level":"info","message":"Listening on port 3900...","timestamp":"2023-08-20T12:13:27.869Z"}
{"level":"info","message":"Connected to mongodb+srv://karan5ipsvig:password123abc@cluster0.yar2cct.mongodb.net/codeswear?retryWrites=true&w=majority...","timestamp":"2023-08-20T12:13:28.938Z"}
{"level":"info","message":"Listening on port 3900...","timestamp":"2023-08-20T12:15:32.821Z"}
{"level":"info","message":"Connected to mongodb+srv://karan5ipsvig:password123abc@cluster0.yar2cct.mongodb.net/codeswear?retryWrites=true&w=majority...","timestamp":"2023-08-20T12:15:33.833Z"}
{"level":"info","message":"Listening on port 3900...","timestamp":"2023-08-20T16:39:58.786Z"}
{"level":"info","message":"Connected to mongodb+srv://karan5ipsvig:password123abc@cluster0.yar2cct.mongodb.net/codeswear?retryWrites=true&w=majority...","timestamp":"2023-08-20T16:40:02.173Z"}
{"level":"info","message":"Listening on port 3900...","timestamp":"2023-08-20T16:42:17.904Z"}
{"level":"info","message":"Connected to mongodb+srv://karan5ipsvig:password123abc@cluster0.yar2cct.mongodb.net/codeswear?retryWrites=true&w=majority...","timestamp":"2023-08-20T16:42:19.018Z"}
{"level":"info","message":"Listening on port 3900...","timestamp":"2023-08-20T16:42:59.377Z"}
{"level":"info","message":"Listening on port 3900...","timestamp":"2023-08-20T16:43:04.910Z"}
{"level":"info","message":"Connected to mongodb+srv://karan5ipsvig:password123abc@cluster0.yar2cct.mongodb.net/codeswear?retryWrites=true&w=majority...","timestamp":"2023-08-20T16:43:05.927Z"}
{"level":"info","message":"Listening on port 3900...","timestamp":"2023-08-20T16:43:20.771Z"}
{"level":"info","message":"Connected to mongodb+srv://karan5ipsvig:password123abc@cluster0.yar2cct.mongodb.net/codeswear?retryWrites=true&w=majority...","timestamp":"2023-08-20T16:43:21.946Z"}
{"level":"info","message":"Listening on port 3900...","timestamp":"2023-08-20T16:44:57.761Z"}
{"level":"info","message":"Connected to mongodb+srv://karan5ipsvig:password123abc@cluster0.yar2cct.mongodb.net/codeswear?retryWrites=true&w=majority...","timestamp":"2023-08-20T16:44:59.035Z"}
{"level":"info","message":"Listening on port 3900...","timestamp":"2023-08-20T16:45:55.620Z"}
{"level":"info","message":"Connected to mongodb+srv://karan5ipsvig:password123abc@cluster0.yar2cct.mongodb.net/codeswear?retryWrites=true&w=majority...","timestamp":"2023-08-20T16:45:56.947Z"}
{"level":"info","message":"Listening on port 3900...","timestamp":"2023-08-20T16:46:14.066Z"}
{"level":"info","message":"Connected to mongodb+srv://karan5ipsvig:password123abc@cluster0.yar2cct.mongodb.net/codeswear?retryWrites=true&w=majority...","timestamp":"2023-08-20T16:46:15.224Z"}
{"level":"info","message":"Listening on port 3900...","timestamp":"2023-08-20T16:48:57.044Z"}
{"level":"info","message":"Connected to mongodb+srv://karan5ipsvig:password123abc@cluster0.yar2cct.mongodb.net/codeswear?retryWrites=true&w=majority...","timestamp":"2023-08-20T16:48:58.152Z"}
{"level":"info","message":"Listening on port 3900...","timestamp":"2023-08-21T06:41:43.164Z"}
{"level":"info","message":"Connected to mongodb+srv://karan5ipsvig:password123abc@cluster0.yar2cct.mongodb.net/codeswear?retryWrites=true&w=majority...","timestamp":"2023-08-21T06:41:44.429Z"}
{"message":"Unexpected string in JSON at position 202","stack":"SyntaxError: Unexpected string in JSON at position 202\n    at JSON.parse (<anonymous>)\n    at parse (E:\\freelance-api\\node_modules\\body-parser\\lib\\types\\json.js:89:19)\n    at E:\\freelance-api\\node_modules\\body-parser\\lib\\read.js:128:18\n    at AsyncResource.runInAsyncScope (node:async_hooks:203:9)\n    at invokeCallback (E:\\freelance-api\\node_modules\\raw-body\\index.js:231:16)\n    at done (E:\\freelance-api\\node_modules\\raw-body\\index.js:220:7)\n    at IncomingMessage.onEnd (E:\\freelance-api\\node_modules\\raw-body\\index.js:280:7)\n    at IncomingMessage.emit (node:events:514:28)\n    at endReadableNT (node:internal/streams/readable:1359:12)\n    at process.processTicksAndRejections (node:internal/process/task_queues:82:21)","expose":true,"statusCode":400,"status":400,"body":"{\r\n    \"phoneNumber\" : \"8792858236\",\r\n    \"otp\" : \"792009\",\r\n    \"name\" : \"karan\",\r\n    \"email\" : \"karan@gmail.com\",\r\n    \"password\" : \"123abc\",\r\n   \"sessionId\": \"ff621aed-421b-4dfd-ad22-e673ed0c3e8e\"\r\n\"\r\n}","type":"entity.parse.failed","level":"error","timestamp":"2023-08-21T06:42:31.240Z"}
{"level":"info","message":"Listening on port 3900...","timestamp":"2023-08-21T06:45:32.476Z"}
{"level":"info","message":"Connected to mongodb+srv://karan5ipsvig:password123abc@cluster0.yar2cct.mongodb.net/codeswear?retryWrites=true&w=majority...","timestamp":"2023-08-21T06:45:33.815Z"}
{"level":"info","message":"Listening on port 3900...","timestamp":"2023-08-21T07:04:27.139Z"}
{"level":"info","message":"Connected to mongodb+srv://karan5ipsvig:password123abc@cluster0.yar2cct.mongodb.net/codeswear?retryWrites=true&w=majority...","timestamp":"2023-08-21T07:04:28.484Z"}
{"level":"info","message":"Listening on port 3900...","timestamp":"2023-08-21T07:07:57.730Z"}
{"level":"info","message":"Connected to mongodb+srv://karan5ipsvig:password123abc@cluster0.yar2cct.mongodb.net/codeswear?retryWrites=true&w=majority...","timestamp":"2023-08-21T07:08:03.783Z"}
{"level":"info","message":"Listening on port 3900...","timestamp":"2023-08-22T17:02:47.476Z"}
{"level":"info","message":"Connected to mongodb+srv://karan5ipsvig:password123abc@cluster0.yar2cct.mongodb.net/codeswear?retryWrites=true&w=majority...","timestamp":"2023-08-22T17:02:50.115Z"}
{"level":"info","message":"Listening on port 3900...","timestamp":"2023-08-22T17:43:01.110Z"}
{"level":"info","message":"Connected to mongodb+srv://karan5ipsvig:password123abc@cluster0.yar2cct.mongodb.net/codeswear?retryWrites=true&w=majority...","timestamp":"2023-08-22T17:43:02.292Z"}
{"level":"info","message":"Listening on port 3900...","timestamp":"2023-08-22T18:16:56.102Z"}
{"level":"info","message":"Connected to mongodb+srv://karan5ipsvig:password123abc@cluster0.yar2cct.mongodb.net/codeswear?retryWrites=true&w=majority...","timestamp":"2023-08-22T18:16:59.573Z"}
{"level":"info","message":"Listening on port 3900...","timestamp":"2023-08-23T07:00:41.346Z"}
{"level":"info","message":"Listening on port 3900...","timestamp":"2023-08-23T07:02:22.809Z"}
{"level":"info","message":"Connected to mongodb+srv://karan5ipsvig:password123abc@cluster0.yar2cct.mongodb.net/codeswear?retryWrites=true&w=majority...","timestamp":"2023-08-23T07:02:23.940Z"}
{"level":"info","message":"Listening on port 3900...","timestamp":"2023-08-23T07:21:21.151Z"}
{"level":"info","message":"Connected to mongodb+srv://karan5ipsvig:password123abc@cluster0.yar2cct.mongodb.net/codeswear?retryWrites=true&w=majority...","timestamp":"2023-08-23T07:21:22.733Z"}
{"message":"Invoice validation failed: price: Cast to Number failed for value \"skksksksnsnskks\" (type string) at path \"price\", quantity: Cast to Number failed for value \"kaoorkrkrkr\" (type string) at path \"quantity\"","stack":"ValidationError: Invoice validation failed: price: Cast to Number failed for value \"skksksksnsnskks\" (type string) at path \"price\", quantity: Cast to Number failed for value \"kaoorkrkrkr\" (type string) at path \"quantity\"\n    at Document.invalidate (E:\\freelance-api\\node_modules\\mongoose\\lib\\document.js:2786:32)\n    at model.$set (E:\\freelance-api\\node_modules\\mongoose\\lib\\document.js:1353:12)\n    at model.$set (E:\\freelance-api\\node_modules\\mongoose\\lib\\document.js:1062:16)\n    at model.Document (E:\\freelance-api\\node_modules\\mongoose\\lib\\document.js:148:12)\n    at model.Model (E:\\freelance-api\\node_modules\\mongoose\\lib\\model.js:106:12)\n    at new model (E:\\freelance-api\\node_modules\\mongoose\\lib\\model.js:4919:15)\n    at E:\\freelance-api\\routes\\invoices.js:18:17\n    at E:\\freelance-api\\node_modules\\express-async-errors\\index.js:17:20\n    at Layer.handle [as handle_request] (E:\\freelance-api\\node_modules\\express\\lib\\router\\layer.js:95:5)\n    at next (E:\\freelance-api\\node_modules\\express\\lib\\router\\route.js:144:13)\n    at module.exports (E:\\freelance-api\\middleware\\auth.js:14:5)\n    at E:\\freelance-api\\node_modules\\express-async-errors\\index.js:17:20\n    at Layer.handle [as handle_request] (E:\\freelance-api\\node_modules\\express\\lib\\router\\layer.js:95:5)\n    at next (E:\\freelance-api\\node_modules\\express\\lib\\router\\route.js:144:13)\n    at Route.dispatch (E:\\freelance-api\\node_modules\\express\\lib\\router\\route.js:114:3)\n    at E:\\freelance-api\\node_modules\\express-async-errors\\index.js:17:20","errors":{"price":{"stringValue":"\"skksksksnsnskks\"","kind":"Number","value":"skksksksnsnskks","path":"price","reason":{"generatedMessage":true,"code":"ERR_ASSERTION","actual":false,"expected":true,"operator":"=="},"valueType":"string"},"quantity":{"stringValue":"\"kaoorkrkrkr\"","kind":"Number","value":"kaoorkrkrkr","path":"quantity","reason":{"generatedMessage":true,"code":"ERR_ASSERTION","actual":false,"expected":true,"operator":"=="},"valueType":"string"}},"_message":"Invoice validation failed","level":"error","timestamp":"2023-08-23T07:26:30.386Z"}
{"level":"info","message":"Listening on port 3900...","timestamp":"2023-08-23T07:30:08.811Z"}
{"level":"info","message":"Connected to mongodb+srv://karan5ipsvig:password123abc@cluster0.yar2cct.mongodb.net/codeswear?retryWrites=true&w=majority...","timestamp":"2023-08-23T07:30:10.820Z"}
{"level":"info","message":"Listening on port 3900...","timestamp":"2023-08-23T08:22:45.260Z"}
{"level":"info","message":"Connected to mongodb+srv://karan5ipsvig:password123abc@cluster0.yar2cct.mongodb.net/codeswear?retryWrites=true&w=majority...","timestamp":"2023-08-23T08:22:46.662Z"}
{"level":"info","message":"Listening on port 3900...","timestamp":"2023-08-23T08:36:35.042Z"}
{"level":"info","message":"Connected to mongodb+srv://karan5ipsvig:password123abc@cluster0.yar2cct.mongodb.net/codeswear?retryWrites=true&w=majority...","timestamp":"2023-08-23T08:36:36.273Z"}
{"message":"Cast to ObjectId failed for value \"unapproved\" (type string) at path \"_id\" for model \"Invoice\"","stack":"CastError: Cast to ObjectId failed for value \"unapproved\" (type string) at path \"_id\" for model \"Invoice\"\n    at model.Query.exec (E:\\freelance-api\\node_modules\\mongoose\\lib\\query.js:4498:21)\n    at Query.then (E:\\freelance-api\\node_modules\\mongoose\\lib\\query.js:4592:15)\n    at process.processTicksAndRejections (node:internal/process/task_queues:95:5)","stringValue":"\"unapproved\"","kind":"ObjectId","value":"unapproved","path":"_id","reason":{},"valueType":"string","level":"error","timestamp":"2023-08-23T08:40:04.658Z"}
{"level":"info","message":"Listening on port 3900...","timestamp":"2023-08-23T08:41:28.298Z"}
{"level":"info","message":"Connected to mongodb+srv://karan5ipsvig:password123abc@cluster0.yar2cct.mongodb.net/codeswear?retryWrites=true&w=majority...","timestamp":"2023-08-23T08:41:34.732Z"}
{"message":"Cast to ObjectId failed for value \"unapproved\" (type string) at path \"_id\" for model \"Invoice\"","stack":"CastError: Cast to ObjectId failed for value \"unapproved\" (type string) at path \"_id\" for model \"Invoice\"\n    at model.Query.exec (E:\\freelance-api\\node_modules\\mongoose\\lib\\query.js:4498:21)\n    at Query.then (E:\\freelance-api\\node_modules\\mongoose\\lib\\query.js:4592:15)\n    at process.processTicksAndRejections (node:internal/process/task_queues:95:5)","stringValue":"\"unapproved\"","kind":"ObjectId","value":"unapproved","path":"_id","reason":{},"valueType":"string","level":"error","timestamp":"2023-08-23T08:42:08.116Z"}
{"message":"Cast to ObjectId failed for value \"unapproved\" (type string) at path \"_id\" for model \"Invoice\"","stack":"CastError: Cast to ObjectId failed for value \"unapproved\" (type string) at path \"_id\" for model \"Invoice\"\n    at model.Query.exec (E:\\freelance-api\\node_modules\\mongoose\\lib\\query.js:4498:21)\n    at Query.then (E:\\freelance-api\\node_modules\\mongoose\\lib\\query.js:4592:15)\n    at process.processTicksAndRejections (node:internal/process/task_queues:95:5)","stringValue":"\"unapproved\"","kind":"ObjectId","value":"unapproved","path":"_id","reason":{},"valueType":"string","level":"error","timestamp":"2023-08-23T08:42:35.177Z"}
{"message":"Cast to ObjectId failed for value \"unapproved\" (type string) at path \"_id\" for model \"Invoice\"","stack":"CastError: Cast to ObjectId failed for value \"unapproved\" (type string) at path \"_id\" for model \"Invoice\"\n    at model.Query.exec (E:\\freelance-api\\node_modules\\mongoose\\lib\\query.js:4498:21)\n    at Query.then (E:\\freelance-api\\node_modules\\mongoose\\lib\\query.js:4592:15)\n    at process.processTicksAndRejections (node:internal/process/task_queues:95:5)","stringValue":"\"unapproved\"","kind":"ObjectId","value":"unapproved","path":"_id","reason":{},"valueType":"string","level":"error","timestamp":"2023-08-23T08:52:44.619Z"}
{"message":"Cast to ObjectId failed for value \"unapproved\" (type string) at path \"_id\" for model \"Invoice\"","stack":"CastError: Cast to ObjectId failed for value \"unapproved\" (type string) at path \"_id\" for model \"Invoice\"\n    at model.Query.exec (E:\\freelance-api\\node_modules\\mongoose\\lib\\query.js:4498:21)\n    at Query.then (E:\\freelance-api\\node_modules\\mongoose\\lib\\query.js:4592:15)\n    at process.processTicksAndRejections (node:internal/process/task_queues:95:5)","stringValue":"\"unapproved\"","kind":"ObjectId","value":"unapproved","path":"_id","reason":{},"valueType":"string","level":"error","timestamp":"2023-08-23T08:53:09.391Z"}
{"message":"Cast to ObjectId failed for value \"unapproved\" (type string) at path \"_id\" for model \"Invoice\"","stack":"CastError: Cast to ObjectId failed for value \"unapproved\" (type string) at path \"_id\" for model \"Invoice\"\n    at model.Query.exec (E:\\freelance-api\\node_modules\\mongoose\\lib\\query.js:4498:21)\n    at Query.then (E:\\freelance-api\\node_modules\\mongoose\\lib\\query.js:4592:15)\n    at process.processTicksAndRejections (node:internal/process/task_queues:95:5)","stringValue":"\"unapproved\"","kind":"ObjectId","value":"unapproved","path":"_id","reason":{},"valueType":"string","level":"error","timestamp":"2023-08-23T08:54:05.495Z"}
{"level":"info","message":"Listening on port 3900...","timestamp":"2023-08-23T08:55:12.138Z"}
{"level":"info","message":"Connected to mongodb+srv://karan5ipsvig:password123abc@cluster0.yar2cct.mongodb.net/codeswear?retryWrites=true&w=majority...","timestamp":"2023-08-23T08:55:13.453Z"}
{"message":"Cast to ObjectId failed for value \"unapproved\" (type string) at path \"_id\" for model \"Invoice\"","stack":"CastError: Cast to ObjectId failed for value \"unapproved\" (type string) at path \"_id\" for model \"Invoice\"\n    at model.Query.exec (E:\\freelance-api\\node_modules\\mongoose\\lib\\query.js:4498:21)\n    at Query.then (E:\\freelance-api\\node_modules\\mongoose\\lib\\query.js:4592:15)\n    at process.processTicksAndRejections (node:internal/process/task_queues:95:5)","stringValue":"\"unapproved\"","kind":"ObjectId","value":"unapproved","path":"_id","reason":{},"valueType":"string","level":"error","timestamp":"2023-08-23T08:55:20.136Z"}
{"level":"info","message":"Listening on port 3900...","timestamp":"2023-08-23T08:56:08.604Z"}
{"level":"info","message":"Connected to mongodb+srv://karan5ipsvig:password123abc@cluster0.yar2cct.mongodb.net/codeswear?retryWrites=true&w=majority...","timestamp":"2023-08-23T08:56:09.724Z"}
{"level":"info","message":"Listening on port 3900...","timestamp":"2023-08-23T12:08:38.683Z"}
{"level":"info","message":"Connected to mongodb+srv://karan5ipsvig:password123abc@cluster0.yar2cct.mongodb.net/codeswear?retryWrites=true&w=majority...","timestamp":"2023-08-23T12:08:41.828Z"}
{"level":"info","message":"Listening on port 3900...","timestamp":"2023-08-23T12:57:08.428Z"}
{"level":"info","message":"Connected to mongodb+srv://karan5ipsvig:password123abc@cluster0.yar2cct.mongodb.net/codeswear?retryWrites=true&w=majority...","timestamp":"2023-08-23T12:57:10.283Z"}
{"level":"info","message":"Listening on port 3900...","timestamp":"2023-08-23T13:00:03.389Z"}
{"level":"info","message":"Connected to mongodb+srv://karan5ipsvig:password123abc@cluster0.yar2cct.mongodb.net/codeswear?retryWrites=true&w=majority...","timestamp":"2023-08-23T13:00:04.438Z"}
{"level":"info","message":"Listening on port 3900...","timestamp":"2023-08-23T13:05:44.854Z"}
{"level":"info","message":"Connected to mongodb+srv://karan5ipsvig:password123abc@cluster0.yar2cct.mongodb.net/codeswear?retryWrites=true&w=majority...","timestamp":"2023-08-23T13:05:45.998Z"}
{"level":"info","message":"Listening on port 3900...","timestamp":"2023-08-23T13:35:07.062Z"}
{"level":"info","message":"Connected to mongodb+srv://karan5ipsvig:password123abc@cluster0.yar2cct.mongodb.net/codeswear?retryWrites=true&w=majority...","timestamp":"2023-08-23T13:35:09.482Z"}
{"level":"info","message":"Listening on port 3900...","timestamp":"2023-08-23T14:55:32.651Z"}
{"level":"info","message":"Connected to mongodb+srv://karan5ipsvig:password123abc@cluster0.yar2cct.mongodb.net/codeswear?retryWrites=true&w=majority...","timestamp":"2023-08-23T14:55:33.853Z"}
{"message":"no primary server available","stack":"MongoError: no primary server available\n    at ReplSetState.pickServer (E:\\freelance-api\\node_modules\\mongodb\\lib\\core\\topologies\\replset_state.js:782:12)\n    at Timeout._selectServer [as _onTimeout] (E:\\freelance-api\\node_modules\\mongodb\\lib\\core\\topologies\\replset.js:1148:43)\n    at listOnTimeout (node:internal/timers:569:17)\n    at process.processTimers (node:internal/timers:512:7)","name":"MongoError","level":"error","timestamp":"2023-08-23T16:56:48.788Z"}
{"message":"no primary server available","stack":"MongoError: no primary server available\n    at ReplSetState.pickServer (E:\\freelance-api\\node_modules\\mongodb\\lib\\core\\topologies\\replset_state.js:782:12)\n    at Timeout._selectServer [as _onTimeout] (E:\\freelance-api\\node_modules\\mongodb\\lib\\core\\topologies\\replset.js:1148:43)\n    at listOnTimeout (node:internal/timers:569:17)\n    at process.processTimers (node:internal/timers:512:7)","name":"MongoError","level":"error","timestamp":"2023-08-23T16:56:49.973Z"}
{"message":"no primary server available","stack":"MongoError: no primary server available\n    at ReplSetState.pickServer (E:\\freelance-api\\node_modules\\mongodb\\lib\\core\\topologies\\replset_state.js:782:12)\n    at Timeout._selectServer [as _onTimeout] (E:\\freelance-api\\node_modules\\mongodb\\lib\\core\\topologies\\replset.js:1148:43)\n    at listOnTimeout (node:internal/timers:569:17)\n    at process.processTimers (node:internal/timers:512:7)","name":"MongoError","level":"error","timestamp":"2023-08-23T16:57:37.095Z"}
{"message":"no primary server available","stack":"MongoError: no primary server available\n    at ReplSetState.pickServer (E:\\freelance-api\\node_modules\\mongodb\\lib\\core\\topologies\\replset_state.js:782:12)\n    at Timeout._selectServer [as _onTimeout] (E:\\freelance-api\\node_modules\\mongodb\\lib\\core\\topologies\\replset.js:1148:43)\n    at listOnTimeout (node:internal/timers:569:17)\n    at process.processTimers (node:internal/timers:512:7)","name":"MongoError","level":"error","timestamp":"2023-08-23T17:00:16.419Z"}
{"message":"no primary server available","stack":"MongoError: no primary server available\n    at ReplSetState.pickServer (E:\\freelance-api\\node_modules\\mongodb\\lib\\core\\topologies\\replset_state.js:782:12)\n    at Timeout._selectServer [as _onTimeout] (E:\\freelance-api\\node_modules\\mongodb\\lib\\core\\topologies\\replset.js:1148:43)\n    at listOnTimeout (node:internal/timers:569:17)\n    at process.processTimers (node:internal/timers:512:7)","name":"MongoError","level":"error","timestamp":"2023-08-23T17:00:34.691Z"}
